<?xml version="1.0" encoding="UTF-8"?>
<!-- Generated by org.testng.reporters.JUnitReportReporter -->
<testsuite hostname="DESKTOP-K79FGMR" failures="0" tests="1" name="Restassuredtests.PUT_Request" time="3.053" errors="0" timestamp="2022-05-20T11:04:15 IST" skipped="0">
  <testcase classname="Restassuredtests.PUT_Request" name="testPUT" time="3.053"/>
  <system-out/>
</testsuite> <!-- Restassuredtests.PUT_Request -->
