<?xml version="1.0" encoding="UTF-8"?>
<!-- Generated by org.testng.reporters.JUnitReportReporter -->
<testsuite hostname="DESKTOP-K79FGMR" failures="0" tests="5" name="Restassuredtests.BasicValidation_xml" time="7.584" errors="0" timestamp="2022-05-23T11:20:41 IST" skipped="0">
  <testcase classname="Restassuredtests.BasicValidation_xml" name="testsingleContent" time="3.835"/>
  <system-out/>
  <testcase classname="Restassuredtests.BasicValidation_xml" name="testMulitpleContents" time="1.044"/>
  <system-out/>
  <testcase classname="Restassuredtests.BasicValidation_xml" name="testMulitpleContentsoneGo" time="0.826"/>
  <system-out/>
  <testcase classname="Restassuredtests.BasicValidation_xml" name="testUsingXpath1" time="0.964"/>
  <system-out/>
  <testcase classname="Restassuredtests.BasicValidation_xml" name="testUsingXpath2" time="0.915"/>
  <system-out/>
</testsuite> <!-- Restassuredtests.BasicValidation_xml -->
