<?xml version="1.0" encoding="UTF-8"?>
<!-- Generated by org.testng.reporters.JUnitReportReporter -->
<testsuite hostname="DESKTOP-K79FGMR" failures="0" tests="1" name="Restassuredtests.POST_Request" time="3.034" errors="0" timestamp="2022-05-20T10:59:48 IST" skipped="0">
  <testcase classname="Restassuredtests.POST_Request" name="testPOST" time="3.034"/>
  <system-out/>
</testsuite> <!-- Restassuredtests.POST_Request -->
