<?xml version="1.0" encoding="UTF-8"?>
<!-- Generated by org.testng.reporters.JUnitReportReporter -->
<testsuite hostname="DESKTOP-K79FGMR" failures="0" tests="1" name="Restassuredtests.DELETE_Request" time="3.353" errors="0" timestamp="2022-05-20T11:19:57 IST" skipped="0">
  <testcase classname="Restassuredtests.DELETE_Request" name="DeleteUser" time="3.353"/>
  <system-out/>
</testsuite> <!-- Restassuredtests.DELETE_Request -->
